PROFIT
11789734.797381

X_VALUES
SH001 0.000000
SH002 449.000000
SH003 0.000000
SH004 0.000000
SH005 33.000000
SH006 0.000000
SH007 0.000000
SH008 0.000000
SH009 27.000000
SH010 0.000000
SH011 433.000000
SH012 289.000000
SH013 425.000000
SH014 0.000000
SH015 0.000000
SH016 0.000000
SH017 0.000000
SH018 247.000000
SH019 200.000000
SH020 0.000000
SH021 0.000000
SH022 0.000000
SH023 0.000000
SH024 399.000000
SH025 404.000000
SH026 0.000000
SH027 434.000000
SH028 0.000000
SH029 410.000000
SH030 0.000000
SH031 306.000000
SH032 491.000000
SH033 0.000000
SH034 373.000000
SH035 0.000000
SH036 0.000000
SH037 0.000000
SH038 479.000000
SH039 389.000000
SH040 433.000000
SH041 339.000000
SH042 215.000000
SH043 0.000000
SH044 442.000000
SH045 374.000000
SH046 0.000000
SH047 411.000000
SH048 292.000000
SH049 0.000000
SH050 437.000000
SH051 0.000000
SH052 0.000000
SH053 0.000000
SH054 0.000000
SH055 0.000000
SH056 0.000000
SH057 205.000000
SH058 432.000000
SH059 8.000000
SH060 191.000000
SH061 168.000000
SH062 458.000000
SH063 446.000000
SH064 18.000000
SH065 369.000000
SH066 0.000000
SH067 0.000000
SH068 0.000000
SH069 0.000000
SH070 0.000000
SH071 339.000000
SH072 7.000000
SH073 346.000000
SH074 0.000000
SH075 0.000000
SH076 65.000000
SH077 177.000000
SH078 407.000000
SH079 195.000000
SH080 409.000000
SH081 164.000000
SH082 289.000000
SH083 0.000000
SH084 0.000000
SH085 0.000000
SH086 0.000000
SH087 430.000000
SH088 423.000000
SH089 0.000000
SH090 475.000000
SH091 0.000000
SH092 0.000000
SH093 285.000000
SH094 307.000000
SH095 422.000000
SH096 453.000000
SH097 0.000000
SH098 0.000000
SH099 0.000000
SH100 0.000000
SH101 0.000000
SH102 0.000000
SH103 0.000000
SH104 0.000000
SH105 418.000000
SH106 201.000000
SH107 1.000000
SH108 0.000000
SH109 0.000000
SH110 417.000000
SH111 0.000000
SH112 0.000000
SH113 454.000000
SH114 0.000000
SH115 0.000000
SH116 200.000000
SH117 21.000000
SH118 294.000000
SH119 0.000000
SH120 0.000000
SH121 508.000000
SH122 0.000000
SH123 0.000000
SH124 0.000000
SH125 0.000000
SH126 76.000000
SH127 381.000000
SH128 0.000000
SH129 0.000000
SH130 94.000000
SH131 55.000000
SH132 0.000000
SH133 135.000000
SH134 490.000000
SH135 0.000000
SH136 0.000000
SH137 0.000000
SH138 0.000000
SH139 0.000000
SH140 0.000000
SH141 0.000000
SH142 399.000000
SH143 0.000000
SH144 449.000000
SH145 0.000000
SH146 489.000000
SH147 68.000000
SH148 0.000000
SH149 88.000000
SH150 425.000000
SH151 0.000000
SH152 0.000000
SH153 130.000000
SH154 437.000000
SH155 0.000000
SH156 0.000000
SH157 0.000000
SH158 0.000000
SH159 0.000000
SH160 21.000000
SH161 0.000000
SH162 0.000000
SH163 0.000000
SH164 0.000000
SH165 460.000000
SH166 0.000000
SH167 0.000000
SH168 380.000000
SH169 0.000000
SH170 0.000000
SH171 0.000000
SH172 82.000000
SH173 308.000000
SH174 0.000000
SH175 0.000000
SH176 450.000000
SH177 0.000000
SH178 140.000000
SH179 108.000000
SH180 0.000000
SH181 0.000000
SH182 0.000000
SH183 11.000000
SH184 105.000000
SH185 371.000000
SH186 68.000000
SH187 115.000000
SH188 246.000000
SH189 0.000000
SH190 0.000000
SH191 81.000000
SH192 0.000000
SH193 0.000000
SH194 304.000000
SH195 243.000000
SH196 0.000000
SH197 437.000000
SH198 0.000000
SH199 0.000000
SH200 0.000000
SH201 476.000000
SH202 0.000000
SH203 501.000000
SH204 0.000000
SH205 144.000000
SH206 0.000000
SH207 0.000000
SH208 0.000000
SH209 436.000000
SH210 0.000000
SH211 0.000000
SH212 0.000000
SH213 437.000000
SH214 0.000000
SH215 0.000000
SH216 0.000000
SH217 206.000000
SH218 0.000000
SH219 0.000000
SH220 0.000000
SH221 468.000000
SH222 3.000000
SH223 409.000000
SH224 443.000000
SH225 404.000000
SH226 419.000000
SH227 256.000000
SH228 0.000000
SH229 0.000000
SH230 70.000000
SH231 0.000000
SH232 419.000000
SH233 449.000000
SH234 405.000000
SH235 471.000000
SH236 497.000000
SH237 0.000000
SH238 396.000000
SH239 110.000000
SH240 107.000000
SH241 419.000000
SH242 0.000000
SH243 0.000000
SH244 242.000000
SH245 0.000000
SH246 0.000000
SH247 422.000000
SH248 79.000000
SH249 405.000000
SH250 0.000000
SH251 0.000000
SH252 0.000000
SH253 381.000000
SH254 479.000000
SH255 203.000000
SH256 434.000000
SH257 0.000000
SH258 0.000000
SH259 0.000000
SH260 2.000000
SH261 409.000000
SH262 411.000000
SH263 0.000000
SH264 0.000000
SH265 413.000000
SH266 0.000000
SH267 0.000000
SH268 0.000000
SH269 429.000000
SH270 76.000000
SH271 0.000000
SH272 0.000000
SH273 267.000000
SH274 119.000000
SH275 0.000000
SH276 280.000000
SH277 423.000000
SH278 0.000000
SH279 19.000000
SH280 0.000000
SH281 308.000000
SH282 415.000000
SH283 0.000000
SH284 461.000000
SH285 0.000000
SH286 437.000000
SH287 410.000000
SH288 162.000000
SH289 430.000000
SH290 130.000000
SH291 0.000000
SH292 136.000000
SH293 0.000000
SH294 0.000000
SH295 403.000000
SH296 0.000000
SH297 0.000000
SH298 111.000000
SH299 408.000000
SH300 427.000000
SH301 0.000000
SH302 0.000000
SH303 0.000000
SH304 0.000000
SH305 0.000000
SH306 0.000000
SH307 81.000000
SH308 266.000000
SH309 0.000000
SH310 0.000000
SH311 0.000000
SH312 477.000000
SH313 483.000000
SH314 391.000000
SH315 0.000000
SH316 168.000000
SH317 316.000000
SH318 0.000000
SH319 0.000000
SH320 462.000000
SH321 0.000000
SH322 291.000000
SH323 0.000000
SH324 0.000000
SH325 475.000000
SH326 0.000000
SH327 0.000000
SH328 194.000000
SH329 400.000000
SH330 0.000000
SH331 0.000000
SH332 0.000000
SH333 0.000000
SH334 387.000000
SH335 0.000000
SH336 0.000000
SH337 0.000000
SH338 109.000000
SH339 0.000000
SH340 439.000000
SH341 429.000000
SH342 299.000000
SH343 30.000000
SH344 0.000000
SH345 318.000000
SH346 0.000000
SH347 177.000000
SH348 489.000000
SH349 41.000000
SH350 0.000000
SH351 0.000000
SH352 397.000000
SH353 0.000000
SH354 0.000000
SH355 0.000000
SH356 186.000000
SH357 0.000000
SH358 0.000000
SH359 21.000000
SH360 0.000000
SH361 417.000000
SH362 419.000000
SH363 0.000000
SH364 0.000000
SH365 260.000000
SH366 198.000000
SH367 452.000000
SH368 0.000000
SH369 378.000000
SH370 0.000000
SH371 0.000000
SH372 274.000000
SH373 417.000000
SH374 0.000000
SH375 0.000000
SH376 24.000000
SH377 149.000000
SH378 423.000000
SH379 254.000000
SH380 0.000000
SH381 18.000000
SH382 0.000000
SH383 0.000000
SH384 505.000000
SH385 0.000000
SH386 0.000000
SH387 0.000000
SH388 0.000000
SH389 0.000000
SH390 0.000000
SH391 128.000000
SH392 0.000000
SH393 0.000000
SH394 0.000000
SH395 448.000000
SH396 0.000000
SH397 0.000000
SH398 0.000000
SH399 443.000000
SH400 0.000000
SH401 0.000000
SH402 44.000000
SH403 0.000000
SH404 0.000000
SH405 0.000000
SH406 0.000000
SH407 437.000000
SH408 0.000000
SH409 0.000000
SH410 262.000000
SH411 400.000000
SH412 88.000000
SH413 0.000000
SH414 0.000000
SH415 438.000000
SH416 0.000000
SH417 482.000000
SH418 343.000000
SH419 290.000000
SH420 90.000000
SH421 417.000000
SH422 0.000000
SH423 419.000000
SH424 0.000000
SH425 459.000000
SH426 0.000000
SH427 477.000000
SH428 0.000000
SH429 27.000000
SH430 430.000000
SH431 0.000000
SH432 0.000000
SH433 0.000000
SH434 0.000000
SH435 246.000000
SH436 0.000000
SH437 0.000000
SH438 97.000000
SH439 0.000000
SH440 0.000000
SH441 0.000000
SH442 0.000000
SH443 0.000000
SH444 175.000000
SH445 463.000000
SH446 0.000000
SH447 459.000000
SH448 0.000000
SH449 210.000000
SH450 0.000000
SH451 455.000000
SH452 0.000000
SH453 471.000000
SH454 0.000000
SH455 1.000000
SH456 430.000000
SH457 253.000000
SH458 219.000000
SH459 265.000000
SH460 0.000000
SH461 0.000000
SH462 182.000000
SH463 0.000000
SH464 403.000000
SH465 270.000000
SH466 441.000000
SH467 126.000000
SH468 141.000000
SH469 0.000000
SH470 379.000000
SH471 394.000000
SH472 292.000000
SH473 194.000000
SH474 282.000000
SH475 0.000000
SH476 417.000000
SH477 423.000000
SH478 354.000000
SH479 488.000000
SH480 0.000000
SH481 0.000000
SH482 112.000000
SH483 435.000000
SH484 0.000000
SH485 0.000000
SH486 0.000000
SH487 83.000000
SH488 0.000000
SH489 441.000000
SH490 537.000000
SH491 184.000000
SH492 39.000000
SH493 0.000000
SH494 65.000000
SH495 136.000000
SH496 0.000000
SH497 450.000000
SH498 239.000000
SH499 104.000000
SH500 425.000000
SH501 421.000000
SH502 0.000000
SH503 0.000000
SH504 0.000000
SH505 0.000000
SH506 0.000000
SH507 99.000000
SH508 416.000000
SH509 0.000000
SH510 0.000000
SH511 398.000000
SH512 30.000000
SH513 327.000000
SH514 397.000000
SH515 0.000000
SH516 425.000000
SH517 0.000000
SH518 0.000000
SH519 0.000000
SH520 123.000000
SH521 232.000000
SH522 54.000000
SH523 135.000000
SH524 97.000000
SH525 152.000000
SH526 0.000000
SH527 259.000000
SH528 0.000000
SH529 0.000000
SH530 0.000000
SH531 0.000000
SH532 475.000000
SH533 0.000000
SH534 406.000000
SH535 441.000000
SH536 32.000000
SH537 280.000000
SH538 0.000000
SH539 0.000000
SH540 170.000000
SH541 4.000000
SH542 0.000000
SH543 332.000000
SH544 0.000000
SH545 0.000000
SH546 276.000000
SH547 0.000000
SH548 0.000000
SH549 61.000000
SH550 0.000000
SH551 0.000000
SH552 181.000000
SH553 0.000000
SH554 0.000000
SH555 0.000000
SH556 423.000000
SH557 470.000000

U_VALUES
1 0.000000
2 1.000000
3 1.000000
4 1.000000
5 0.000000
6 1.000000
7 1.000000
8 0.000000

RAW_MATERIAL CONSTRAINTS VIOLATED
Raw Material Availability Constraint [3] is violated. 
Raw Material Availability Constraint [4] is violated. 
Raw Material Availability Constraint [12] is violated. 
Raw Material Availability Constraint [13] is violated. 
Raw Material Availability Constraint [15] is violated. 
Raw Material Availability Constraint [22] is violated. 
Raw Material Availability Constraint [25] is violated. 
Raw Material Availability Constraint [28] is violated. 
Raw Material Availability Constraint [30] is violated. 
Raw Material Availability Constraint [39] is violated. 
Raw Material Availability Constraint [44] is violated. 
Raw Material Availability Constraint [47] is violated. 
Raw Material Availability Constraint [53] is violated. 
Raw Material Availability Constraint [54] is violated. 
Raw Material Availability Constraint [55] is violated. 
Raw Material Availability Constraint [61] is violated. 
Raw Material Availability Constraint [62] is violated. 
Raw Material Availability Constraint [64] is violated. 
Raw Material Availability Constraint [65] is violated. 
Raw Material Availability Constraint [66] is violated. 
Raw Material Availability Constraint [71] is violated. 
Raw Material Availability Constraint [84] is violated. 
Raw Material Availability Constraint [88] is violated. 
Raw Material Availability Constraint [96] is violated. 
Raw Material Availability Constraint [98] is violated. 
Raw Material Availability Constraint [100] is violated. 
Raw Material Availability Constraint [101] is violated. 
Raw Material Availability Constraint [102] is violated. 
Raw Material Availability Constraint [104] is violated. 
Raw Material Availability Constraint [107] is violated. 
Raw Material Availability Constraint [108] is violated. 
Raw Material Availability Constraint [109] is violated. 
Raw Material Availability Constraint [110] is violated. 
Raw Material Availability Constraint [114] is violated. 
Raw Material Availability Constraint [115] is violated. 
Raw Material Availability Constraint [119] is violated. 
Raw Material Availability Constraint [120] is violated. 
Raw Material Availability Constraint [122] is violated. 
Raw Material Availability Constraint [127] is violated. 
Raw Material Availability Constraint [130] is violated. 
Raw Material Availability Constraint [131] is violated. 
Raw Material Availability Constraint [135] is violated. 
Raw Material Availability Constraint [136] is violated. 
Raw Material Availability Constraint [142] is violated. 
Raw Material Availability Constraint [144] is violated. 
Raw Material Availability Constraint [145] is violated. 
Raw Material Availability Constraint [147] is violated. 
Raw Material Availability Constraint [148] is violated. 
Raw Material Availability Constraint [149] is violated. 
Raw Material Availability Constraint [153] is violated. 
Raw Material Availability Constraint [156] is violated. 
Raw Material Availability Constraint [159] is violated. 
Raw Material Availability Constraint [160] is violated. 
Raw Material Availability Constraint [161] is violated. 
Raw Material Availability Constraint [163] is violated. 
MACHINE_CONSTRAINTS VIOLATED
Machine Capacity Constraint [1] is violated. 
Machine Capacity Constraint [2] is violated. 
Machine Capacity Constraint [3] is violated. 
Machine Capacity Constraint [4] is violated. 
Machine Capacity Constraint [5] is violated. 
Machine Capacity Constraint [6] is violated. 
Machine Capacity Constraint [7] is violated. 
Machine Capacity Constraint [8] is violated. 
Machine Capacity Constraint [9] is violated. 
Machine Capacity Constraint [10] is violated. 
Machine Capacity Constraint [11] is violated. 
Machine Capacity Constraint [12] is violated. 
Machine Capacity Constraint [13] is violated. 
Machine Capacity Constraint [14] is violated. 
Machine Capacity Constraint [15] is violated. 
Machine Capacity Constraint [16] is violated. 
Machine Capacity Constraint [17] is violated. 
Machine Capacity Constraint [18] is violated. 
Machine Capacity Constraint [19] is violated. 
Machine Capacity Constraint [20] is violated. 
Machine Capacity Constraint [21] is violated. 
Machine Capacity Constraint [22] is violated. 
Machine Capacity Constraint [23] is violated. 
Machine Capacity Constraint [24] is violated. 
Machine Capacity Constraint [25] is violated. 
Machine Capacity Constraint [26] is violated. 
Machine Capacity Constraint [27] is violated. 
Machine Capacity Constraint [28] is violated. 
Machine Capacity Constraint [29] is violated. 
Machine Capacity Constraint [30] is violated. 
Machine Capacity Constraint [31] is violated. 
Machine Capacity Constraint [32] is violated. 
Machine Capacity Constraint [33] is violated. 
Machine Capacity Constraint [34] is violated. 
Machine Capacity Constraint [35] is violated. 
Machine Capacity Constraint [36] is violated. 
Machine Capacity Constraint [37] is violated. 
Machine Capacity Constraint [38] is violated. 
Machine Capacity Constraint [39] is violated. 
Machine Capacity Constraint [40] is violated. 
Machine Capacity Constraint [41] is violated. 
Machine Capacity Constraint [42] is violated. 
Machine Capacity Constraint [43] is violated. 
Machine Capacity Constraint [44] is violated. 
Machine Capacity Constraint [45] is violated. 
Machine Capacity Constraint [46] is violated. 
Machine Capacity Constraint [47] is violated. 
Machine Capacity Constraint [48] is violated. 
Machine Capacity Constraint [49] is violated. 
Machine Capacity Constraint [50] is violated. 
Machine Capacity Constraint [51] is violated. 
Machine Capacity Constraint [52] is violated. 
Machine Capacity Constraint [53] is violated. 
Machine Capacity Constraint [54] is violated. 
Machine Capacity Constraint [55] is violated. 
Machine Capacity Constraint [56] is violated. 
Machine Capacity Constraint [57] is violated. 
Machine Capacity Constraint [58] is violated. 
Machine Capacity Constraint [59] is violated. 
Machine Capacity Constraint [60] is violated. 
Machine Capacity Constraint [61] is violated. 
Machine Capacity Constraint [62] is violated. 
Machine Capacity Constraint [63] is violated. 
Machine Capacity Constraint [64] is violated. 
Machine Capacity Constraint [65] is violated. 
Machine Capacity Constraint [66] is violated. 
Machine Capacity Constraint [67] is violated. 
Machine Capacity Constraint [68] is violated. 
Machine Capacity Constraint [69] is violated. 
Machine Capacity Constraint [70] is violated. 
Machine Capacity Constraint [71] is violated. 
Machine Capacity Constraint [72] is violated. 
RM_BUDGET
WAREHOUSE_CAP
RAW_MATERIAL CONSTRAINTS BINDING
Raw Material Availability Constraint [5] is binding. 
Raw Material Availability Constraint [17] is binding. 
Raw Material Availability Constraint [31] is binding. 
Raw Material Availability Constraint [32] is binding. 
Raw Material Availability Constraint [35] is binding. 
Raw Material Availability Constraint [43] is binding. 
Raw Material Availability Constraint [46] is binding. 
Raw Material Availability Constraint [51] is binding. 
Raw Material Availability Constraint [52] is binding. 
Raw Material Availability Constraint [56] is binding. 
Raw Material Availability Constraint [67] is binding. 
Raw Material Availability Constraint [72] is binding. 
Raw Material Availability Constraint [78] is binding. 
Raw Material Availability Constraint [80] is binding. 
Raw Material Availability Constraint [83] is binding. 
Raw Material Availability Constraint [85] is binding. 
Raw Material Availability Constraint [87] is binding. 
Raw Material Availability Constraint [94] is binding. 
Raw Material Availability Constraint [97] is binding. 
Raw Material Availability Constraint [103] is binding. 
Raw Material Availability Constraint [106] is binding. 
Raw Material Availability Constraint [117] is binding. 
Raw Material Availability Constraint [118] is binding. 
Raw Material Availability Constraint [121] is binding. 
Raw Material Availability Constraint [129] is binding. 
Raw Material Availability Constraint [132] is binding. 
Raw Material Availability Constraint [137] is binding. 
Raw Material Availability Constraint [138] is binding. 
Raw Material Availability Constraint [141] is binding. 
MACHINE_CONSTRAINTS BINDINGWarehouse capacity slack:
Warehouse_Cap.slack = 4406

Raw Material Budget slack:
RM_Budget.slack = 5393830

RAW_MATERIAL_TABLE
RM  Consumed  Available  Slack  Dual
1 5768.000000 5770.000000 2.000000 0.000000
2 25732.000000 25733.000000 1.000000 0.000000
3 29864.000000 29863.000000 -1.000000 0.000000
4 27302.000000 27300.000000 -2.000000 0.000000
5 17758.000000 17758.000000 0.000000 0.000000
6 20832.000000 20843.000000 11.000000 0.000000
7 21444.000000 21449.000000 5.000000 0.000000
8 18588.000000 18589.000000 1.000000 0.000000
9 18722.000000 18723.000000 1.000000 0.000000
10 14518.000000 14523.000000 5.000000 0.000000
11 25272.000000 25275.000000 3.000000 0.000000
12 32892.000000 32890.000000 -2.000000 0.000000
13 21220.000000 21216.000000 -4.000000 0.000000
14 13288.000000 13292.000000 4.000000 0.000000
15 16788.000000 16780.000000 -8.000000 0.000000
16 19834.000000 19836.000000 2.000000 0.000000
17 19472.000000 19472.000000 0.000000 0.000000
18 23470.000000 23473.000000 3.000000 0.000000
19 17428.000000 17434.000000 6.000000 0.000000
20 8478.000000 8486.000000 8.000000 0.000000
21 12145.000000 12146.000000 1.000000 0.000000
22 34877.000000 34875.000000 -2.000000 0.000000
23 26083.000000 26091.000000 8.000000 0.000000
24 27964.000000 27970.000000 6.000000 0.000000
25 18703.000000 18702.000000 -1.000000 0.000000
26 24047.000000 24056.000000 9.000000 0.000000
27 28164.000000 28169.000000 5.000000 0.000000
28 28462.000000 28457.000000 -5.000000 0.000000
29 28508.000000 28509.000000 1.000000 0.000000
30 13045.000000 13040.000000 -5.000000 0.000000
31 4280.000000 4280.000000 0.000000 0.000000
32 8494.000000 8494.000000 0.000000 0.000000
33 6216.000000 6217.000000 1.000000 0.000000
34 8293.000000 8295.000000 2.000000 0.000000
35 5084.000000 5084.000000 0.000000 0.000000
36 7431.000000 7434.000000 3.000000 0.000000
37 6476.000000 6478.000000 2.000000 0.000000
38 5717.000000 5719.000000 2.000000 0.000000
39 6375.000000 6374.000000 -1.000000 0.000000
40 7755.000000 7758.000000 3.000000 0.000000
41 4434.000000 4438.000000 4.000000 0.000000
42 6999.000000 7001.000000 2.000000 0.000000
43 5877.000000 5877.000000 0.000000 0.000000
44 5986.000000 5984.000000 -2.000000 0.000000
45 6262.000000 6264.000000 2.000000 0.000000
46 6253.000000 6253.000000 0.000000 0.000000
47 5743.000000 5739.000000 -4.000000 0.000000
48 5578.000000 5580.000000 2.000000 0.000000
49 6775.000000 6778.000000 3.000000 0.000000
50 7446.000000 7448.000000 2.000000 0.000000
51 6520.000000 6520.000000 0.000000 0.000000
52 6074.000000 6074.000000 0.000000 0.000000
53 9052.000000 9049.000000 -3.000000 0.000000
54 9009.000000 9008.000000 -1.000000 0.000000
55 1998.000000 1997.000000 -1.000000 0.000000
56 4632.000000 4632.000000 0.000000 0.000000
57 8539.000000 8542.000000 3.000000 0.000000
58 12842.000000 12843.000000 1.000000 0.000000
59 10912.000000 10916.000000 4.000000 0.000000
60 11918.000000 11919.000000 1.000000 0.000000
61 7360.000000 7357.000000 -3.000000 0.000000
62 11929.000000 11927.000000 -2.000000 0.000000
63 16137.000000 16149.000000 12.000000 0.000000
64 6621.000000 6617.000000 -4.000000 0.000000
65 7352.000000 7351.000000 -1.000000 0.000000
66 12353.000000 12346.000000 -7.000000 0.000000
67 9950.000000 9950.000000 0.000000 0.000000
68 15168.000000 15177.000000 9.000000 0.000000
69 9646.000000 9647.000000 1.000000 0.000000
70 14963.000000 14964.000000 1.000000 0.000000
71 13915.000000 13912.000000 -3.000000 0.000000
72 12450.000000 12450.000000 0.000000 0.000000
73 11604.000000 11607.000000 3.000000 0.000000
74 11007.000000 11010.000000 3.000000 0.000000
75 10086.000000 10087.000000 1.000000 0.000000
76 12404.000000 12405.000000 1.000000 0.000000
77 13265.000000 13271.000000 6.000000 0.000000
78 9192.000000 9192.000000 0.000000 0.000000
79 10648.000000 10649.000000 1.000000 0.000000
80 9038.000000 9038.000000 0.000000 0.000000
81 9761.000000 9764.000000 3.000000 0.000000
82 9490.000000 9492.000000 2.000000 0.000000
83 8838.000000 8838.000000 0.000000 0.000000
84 9932.000000 9929.000000 -3.000000 0.000000
85 5292.000000 5292.000000 0.000000 0.000000
86 3774.000000 3777.000000 3.000000 0.000000
87 8367.000000 8367.000000 0.000000 0.000000
88 8408.000000 8404.000000 -4.000000 0.000000
89 10223.000000 10225.000000 2.000000 0.000000
90 9635.000000 9642.000000 7.000000 0.000000
91 10410.000000 10416.000000 6.000000 0.000000
92 12204.000000 12210.000000 6.000000 0.000000
93 10946.000000 10952.000000 6.000000 0.000000
94 5872.000000 5872.000000 0.000000 0.000000
95 12919.000000 12922.000000 3.000000 0.000000
96 14298.000000 14294.000000 -4.000000 0.000000
97 6950.000000 6950.000000 0.000000 0.000000
98 4217.000000 4216.000000 -1.000000 0.000000
99 15652.000000 15655.000000 3.000000 0.000000
100 9196.000000 9194.000000 -2.000000 0.000000
101 10653.000000 10649.000000 -4.000000 0.000000
102 7102.000000 7101.000000 -1.000000 0.000000
103 8280.000000 8280.000000 0.000000 0.000000
104 6052.000000 6051.000000 -1.000000 0.000000
105 8437.000000 8438.000000 1.000000 0.000000
106 10293.000000 10293.000000 0.000000 0.000000
107 9449.000000 9448.000000 -1.000000 0.000000
108 8221.000000 8217.000000 -4.000000 0.000000
109 7772.000000 7769.000000 -3.000000 0.000000
110 7436.000000 7434.000000 -2.000000 0.000000
111 5753.000000 5758.000000 5.000000 0.000000
112 7985.000000 7987.000000 2.000000 0.000000
113 4008.000000 4010.000000 2.000000 0.000000
114 5000.000000 4998.000000 -2.000000 0.000000
115 7414.000000 7411.000000 -3.000000 0.000000
116 7775.000000 7777.000000 2.000000 0.000000
117 7841.000000 7841.000000 0.000000 0.000000
118 3183.000000 3183.000000 0.000000 0.000000
119 8955.000000 8954.000000 -1.000000 0.000000
120 4659.000000 4657.000000 -2.000000 0.000000
121 4533.000000 4533.000000 0.000000 0.000000
122 5382.000000 5378.000000 -4.000000 0.000000
123 10134.000000 10138.000000 4.000000 0.000000
124 3938.000000 3939.000000 1.000000 0.000000
125 5617.000000 5621.000000 4.000000 0.000000
126 5815.000000 5819.000000 4.000000 0.000000
127 5635.000000 5634.000000 -1.000000 0.000000
128 4192.000000 4195.000000 3.000000 0.000000
129 1590.000000 1590.000000 0.000000 0.000000
130 5160.000000 5159.000000 -1.000000 0.000000
131 5196.000000 5194.000000 -2.000000 0.000000
132 6809.000000 6809.000000 0.000000 0.000000
133 4814.000000 4818.000000 4.000000 0.000000
134 5713.000000 5716.000000 3.000000 0.000000
135 5729.000000 5728.000000 -1.000000 0.000000
136 9368.000000 9367.000000 -1.000000 0.000000
137 3089.000000 3089.000000 0.000000 0.000000
138 3178.000000 3178.000000 0.000000 0.000000
139 5950.000000 5951.000000 1.000000 0.000000
140 5538.000000 5544.000000 6.000000 0.000000
141 3769.000000 3769.000000 0.000000 0.000000
142 5293.000000 5292.000000 -1.000000 0.000000
143 8414.000000 8416.000000 2.000000 0.000000
144 7106.000000 7103.000000 -3.000000 0.000000
145 6520.000000 6518.000000 -2.000000 0.000000
146 4069.000000 4071.000000 2.000000 0.000000
147 5754.000000 5753.000000 -1.000000 0.000000
148 7885.000000 7878.000000 -7.000000 0.000000
149 5161.000000 5160.000000 -1.000000 0.000000
150 3615.000000 3617.000000 2.000000 0.000000
151 3584.000000 3587.000000 3.000000 0.000000
152 5652.000000 5654.000000 2.000000 0.000000
153 9864.000000 9861.000000 -3.000000 0.000000
154 5561.000000 5563.000000 2.000000 0.000000
155 6962.000000 6967.000000 5.000000 0.000000
156 9389.000000 9388.000000 -1.000000 0.000000
157 3601.000000 3605.000000 4.000000 0.000000
158 4617.000000 4621.000000 4.000000 0.000000
159 6091.000000 6090.000000 -1.000000 0.000000
160 6520.000000 6516.000000 -4.000000 0.000000
161 4344.000000 4343.000000 -1.000000 0.000000
162 5658.000000 5660.000000 2.000000 0.000000
163 2320.000000 2319.000000 -1.000000 0.000000
164 38572.000000 38576.000000 4.000000 0.000000
165 42015.000000 42018.000000 3.000000 0.000000

MACHINE_CONSTRAINTS
Machine  Slack  Dual
1 -54103.390000 0.000000
2 -315343.560000 0.000000
3 -287216.510000 0.000000
4 -168088.380000 0.000000
5 -408012.170000 0.000000
6 -346123.650000 0.000000
7 -315681.230000 0.000000
8 -264287.900000 0.000000
9 -323311.520000 0.000000
10 -135562.380000 0.000000
11 -69914.640000 0.000000
12 -148285.040000 0.000000
13 -177787.460000 0.000000
14 -148207.980000 0.000000
15 -197867.090000 0.000000
16 -99495.180000 0.000000
17 -92613.120000 0.000000
18 -106794.460000 0.000000
19 -91452.480000 0.000000
20 -103090.840000 0.000000
21 -2406.750000 0.000000
22 -1215.580000 0.000000
23 -28266.640000 0.000000
24 -14214.860000 0.000000
25 -22233.160000 0.000000
26 -29370.820000 0.000000
27 -46573.850000 0.000000
28 -28427.910000 0.000000
29 -23326.890000 0.000000
30 -3334.460000 0.000000
31 -13946.640000 0.000000
32 -84703.690000 0.000000
33 -61298.780000 0.000000
34 -56347.240000 0.000000
35 -77720.410000 0.000000
36 -66789.740000 0.000000
37 -94905.410000 0.000000
38 -94685.430000 0.000000
39 -32624.030000 0.000000
40 -6070.590000 0.000000
41 -417230.960000 0.000000
42 -456689.430000 0.000000
43 -433946.300000 0.000000
44 -476349.370000 0.000000
45 -295273.300000 0.000000
46 -451845.610000 0.000000
47 -333658.020000 0.000000
48 -591547.400000 0.000000
49 -477308.610000 0.000000
50 -328427.680000 0.000000
51 -33671.020000 0.000000
52 -115753.200000 0.000000
53 -151373.340000 0.000000
54 -166717.200000 0.000000
55 -201244.300000 0.000000
56 -70125.060000 0.000000
57 -109479.590000 0.000000
58 -88517.240000 0.000000
59 -76454.390000 0.000000
60 -78283.340000 0.000000
61 -359621.330000 0.000000
62 -551419.700000 0.000000
63 -761133.290000 0.000000
64 -519855.010000 0.000000
65 -402935.110000 0.000000
66 -545775.270000 0.000000
67 -509662.130000 0.000000
68 -712830.730000 0.000000
69 -641032.010000 0.000000
70 -388075.520000 0.000000
71 -316369.040000 0.000000
72 -303820.400000 0.000000

RM_BUDGET
5394212.495000 0.000000

WAREHOUSE_CAP
4413.000000 0.000000
